<?xml version="1.0" encoding="UTF-8"?>
<!-- Generated by org.testng.reporters.JUnitReportReporter -->
<testsuite hostname="DESKTOP-4EL8SL4" failures="0" tests="1" name="AutomationRestAPI.RestAssured.RadioButtons" time="39.205" errors="0" timestamp="2024-08-02T15:13:35 IST" skipped="0">
  <testcase classname="AutomationRestAPI.RestAssured.RadioButtons" name="automateRadioButton" time="39.205"/>
</testsuite> <!-- AutomationRestAPI.RestAssured.RadioButtons -->
