<?xml version="1.0" encoding="UTF-8"?>
<!-- Generated by org.testng.reporters.JUnitReportReporter -->
<testsuite hostname="DESKTOP-4EL8SL4" failures="0" tests="1" name="AutomationRestAPI.RestAssured.AmazonIPhonePurchaseTest" time="30.802" errors="0" timestamp="2024-08-08T20:46:50 IST" skipped="0">
  <testcase classname="AutomationRestAPI.RestAssured.AmazonIPhonePurchaseTest" name="testIPhonePurchase" time="30.802"/>
</testsuite> <!-- AutomationRestAPI.RestAssured.AmazonIPhonePurchaseTest -->
