<?xml version="1.0" encoding="UTF-8"?>
<!-- Generated by org.testng.reporters.JUnitReportReporter -->
<testsuite hostname="DESKTOP-4EL8SL4" failures="0" tests="2" name="AutomationRestAPI.RestAssured.Resizable" time="13.609" errors="0" timestamp="2024-08-02T15:14:56 IST" skipped="0">
  <testcase classname="AutomationRestAPI.RestAssured.Resizable" name="testResizable" time="11.989"/>
  <testcase classname="AutomationRestAPI.RestAssured.Resizable" name="setUp" time="1.620"/>
</testsuite> <!-- AutomationRestAPI.RestAssured.Resizable -->
