<?xml version="1.0" encoding="UTF-8"?>
<!-- Generated by org.testng.reporters.JUnitReportReporter -->
<testsuite hostname="DESKTOP-4EL8SL4" failures="0" tests="1" name="AutomationRestAPI.RestAssured.AutomateRTCET" time="2.442" errors="0" timestamp="2024-08-22T10:02:23 IST" skipped="0">
  <testcase classname="AutomationRestAPI.RestAssured.AutomateRTCET" name="testClickAllServicesLinks" time="2.442"/>
</testsuite> <!-- AutomationRestAPI.RestAssured.AutomateRTCET -->
