<?xml version="1.0" encoding="UTF-8"?>
<!-- Generated by org.testng.reporters.JUnitReportReporter -->
<testsuite hostname="DESKTOP-4EL8SL4" failures="0" tests="1" name="AutomationRestAPI.RestAssured.Button" time="6.232" errors="0" timestamp="2024-08-23T11:39:09 IST" skipped="0">
  <testcase classname="AutomationRestAPI.RestAssured.Button" name="testButtonAutomation" time="6.232"/>
</testsuite> <!-- AutomationRestAPI.RestAssured.Button -->
