<?xml version="1.0" encoding="UTF-8"?>
<!-- Generated by org.testng.reporters.JUnitReportReporter -->
<testsuite hostname="DESKTOP-4EL8SL4" failures="0" tests="1" name="AutomationRestAPI.RestAssured.AmazonIPhonePurchaseTest" time="29.064" errors="0" timestamp="2024-08-23T19:32:17 IST" skipped="0">
  <testcase classname="AutomationRestAPI.RestAssured.AmazonIPhonePurchaseTest" name="testIPhonePurchase" time="29.064"/>
</testsuite> <!-- AutomationRestAPI.RestAssured.AmazonIPhonePurchaseTest -->
