<?xml version="1.0" encoding="UTF-8"?>
<!-- Generated by org.testng.reporters.JUnitReportReporter -->
<testsuite hostname="DESKTOP-4EL8SL4" failures="0" tests="2" name="AutomationRestAPI.RestAssured.Sortable" time="50.958" errors="0" timestamp="2024-08-02T15:16:15 IST" skipped="0">
  <testcase classname="AutomationRestAPI.RestAssured.Sortable" name="testSortable" time="49.179"/>
  <testcase classname="AutomationRestAPI.RestAssured.Sortable" name="setUp" time="1.779"/>
</testsuite> <!-- AutomationRestAPI.RestAssured.Sortable -->
