<?xml version="1.0" encoding="UTF-8"?>
<!-- Generated by org.testng.reporters.JUnitReportReporter -->
<testsuite hostname="DESKTOP-4EL8SL4" failures="0" tests="1" name="AutomationRestAPI.RestAssured.Button" time="9.699" errors="0" timestamp="2024-08-02T12:12:33 IST" skipped="0">
  <testcase classname="AutomationRestAPI.RestAssured.Button" name="testButtonAutomation" time="9.699"/>
</testsuite> <!-- AutomationRestAPI.RestAssured.Button -->
