<?xml version="1.0" encoding="UTF-8"?>
<!-- Generated by org.testng.reporters.JUnitReportReporter -->
<testsuite hostname="DESKTOP-4EL8SL4" failures="0" tests="1" name="AutomationRestAPI.RestAssured.PracticeForms" time="10.560" errors="0" timestamp="2024-08-05T10:24:53 IST" skipped="0">
  <testcase classname="AutomationRestAPI.RestAssured.PracticeForms" name="testPracticeFormAutomation" time="10.560"/>
</testsuite> <!-- AutomationRestAPI.RestAssured.PracticeForms -->
