<?xml version="1.0" encoding="UTF-8"?>
<!-- Generated by org.testng.reporters.JUnitReportReporter -->
<testsuite hostname="DESKTOP-4EL8SL4" failures="0" tests="1" name="AutomationRestAPI.RestAssured.CheckBox" time="15.355" errors="0" timestamp="2024-08-02T12:13:15 IST" skipped="0">
  <testcase classname="AutomationRestAPI.RestAssured.CheckBox" name="testCheckBoxInteractions" time="15.355"/>
</testsuite> <!-- AutomationRestAPI.RestAssured.CheckBox -->
