<?xml version="1.0" encoding="UTF-8"?>
<!-- Generated by org.testng.reporters.JUnitReportReporter -->
<testsuite hostname="DESKTOP-4EL8SL4" failures="0" tests="1" name="AutomationRestAPI.RestAssured.Link" time="32.802" errors="0" timestamp="2024-08-02T12:22:39 IST" skipped="0">
  <testcase classname="AutomationRestAPI.RestAssured.Link" name="testLinks" time="32.802"/>
</testsuite> <!-- AutomationRestAPI.RestAssured.Link -->
