<?xml version="1.0" encoding="UTF-8"?>
<!-- Generated by org.testng.reporters.JUnitReportReporter -->
<testsuite hostname="DESKTOP-4EL8SL4" failures="0" tests="1" name="AutomationRestAPI.RestAssured.RegistrationForm" time="10.416" errors="0" timestamp="2024-08-02T15:14:07 IST" skipped="0">
  <testcase classname="AutomationRestAPI.RestAssured.RegistrationForm" name="testRegistrationForm" time="10.416"/>
</testsuite> <!-- AutomationRestAPI.RestAssured.RegistrationForm -->
