<?xml version="1.0" encoding="UTF-8"?>
<!-- Generated by org.testng.reporters.JUnitReportReporter -->
<testsuite hostname="DESKTOP-4EL8SL4" failures="0" tests="1" name="AutomationRestAPI.RestAssured.AutomatePost" time="2.646" errors="0" timestamp="2024-07-23T13:54:00 IST" skipped="0">
  <testcase classname="AutomationRestAPI.RestAssured.AutomatePost" name="test_POSTLoginUnSuccess" time="2.646"/>
</testsuite> <!-- AutomationRestAPI.RestAssured.AutomatePost -->
