<?xml version="1.0" encoding="UTF-8"?>
<!-- Generated by org.testng.reporters.JUnitReportReporter -->
<testsuite hostname="DESKTOP-4EL8SL4" failures="0" tests="1" name="AutomationRestAPI.RestAssured.PutPatchDeleteExamples" time="2.725" errors="0" timestamp="2024-07-23T13:47:31 IST" skipped="0">
  <testcase classname="AutomationRestAPI.RestAssured.PutPatchDeleteExamples" name="test_Delete" time="2.725"/>
</testsuite> <!-- AutomationRestAPI.RestAssured.PutPatchDeleteExamples -->
