<?xml version="1.0" encoding="UTF-8"?>
<!-- Generated by org.testng.reporters.JUnitReportReporter -->
<testsuite hostname="DESKTOP-4EL8SL4" failures="0" tests="1" name="AutomationRestAPI.RestAssured.AutomateRTCET" time="15.924" errors="0" timestamp="2024-08-20T12:51:14 IST" skipped="0">
  <testcase classname="AutomationRestAPI.RestAssured.AutomateRTCET" name="testAllLinks" time="15.924"/>
</testsuite> <!-- AutomationRestAPI.RestAssured.AutomateRTCET -->
