<?xml version="1.0" encoding="UTF-8"?>
<!-- Generated by org.testng.reporters.JUnitReportReporter -->
<testsuite hostname="DESKTOP-4EL8SL4" failures="0" tests="1" name="AutomationRestAPI.RestAssured.BrowserWindowsTest" time="5.378" errors="0" timestamp="2024-08-05T12:34:33 IST" skipped="0">
  <testcase classname="AutomationRestAPI.RestAssured.BrowserWindowsTest" name="testNewTab" time="5.378"/>
</testsuite> <!-- AutomationRestAPI.RestAssured.BrowserWindowsTest -->
