<?xml version="1.0" encoding="UTF-8"?>
<!-- Generated by org.testng.reporters.JUnitReportReporter -->
<testsuite hostname="DESKTOP-4EL8SL4" failures="0" tests="1" name="AutomationRestAPI.RestAssured.AlertTest" time="3.291" errors="0" timestamp="2024-08-05T09:29:58 IST" skipped="0">
  <testcase classname="AutomationRestAPI.RestAssured.AlertTest" name="automateAlert" time="3.291"/>
</testsuite> <!-- AutomationRestAPI.RestAssured.AlertTest -->
