<?xml version="1.0" encoding="UTF-8"?>
<!-- Generated by org.testng.reporters.JUnitReportReporter -->
<testsuite hostname="DESKTOP-4EL8SL4" failures="0" tests="1" name="AutomationRestAPI.RestAssured.AlertTest" time="3.526" errors="0" timestamp="2024-08-02T12:09:19 IST" skipped="0">
  <testcase classname="AutomationRestAPI.RestAssured.AlertTest" name="automateAlert" time="3.526"/>
</testsuite> <!-- AutomationRestAPI.RestAssured.AlertTest -->
