<?xml version="1.0" encoding="UTF-8"?>
<!-- Generated by org.testng.reporters.JUnitReportReporter -->
<testsuite hostname="DESKTOP-4EL8SL4" failures="0" tests="1" name="AutomationRestAPI.RestAssured.AmazonIPhonePurchaseTest" time="26.837" errors="0" timestamp="2024-09-05T11:24:17 IST" skipped="0">
  <testcase classname="AutomationRestAPI.RestAssured.AmazonIPhonePurchaseTest" name="testIPhonePurchase" time="26.837"/>
</testsuite> <!-- AutomationRestAPI.RestAssured.AmazonIPhonePurchaseTest -->
