<?xml version="1.0" encoding="UTF-8"?>
<!-- Generated by org.testng.reporters.JUnitReportReporter -->
<testsuite hostname="DESKTOP-4EL8SL4" failures="0" tests="1" name="AutomationRestAPI.RestAssured.DatePickerTest" time="22.347" errors="0" timestamp="2024-08-02T12:14:10 IST" skipped="0">
  <testcase classname="AutomationRestAPI.RestAssured.DatePickerTest" name="testDatePicker" time="22.347"/>
</testsuite> <!-- AutomationRestAPI.RestAssured.DatePickerTest -->
