<?xml version="1.0" encoding="UTF-8"?>
<!-- Generated by org.testng.reporters.JUnitReportReporter -->
<testsuite hostname="DESKTOP-4EL8SL4" failures="0" tests="1" name="AutomationRestAPI.RestAssured.DatePicker" time="32.643" errors="0" timestamp="2024-08-02T17:17:52 IST" skipped="0">
  <testcase classname="AutomationRestAPI.RestAssured.DatePicker" name="testDatePicker" time="32.643"/>
</testsuite> <!-- AutomationRestAPI.RestAssured.DatePicker -->
