<?xml version="1.0" encoding="UTF-8"?>
<!-- Generated by org.testng.reporters.JUnitReportReporter -->
<testsuite hostname="DESKTOP-4EL8SL4" failures="0" tests="1" name="AutomationRestAPI.RestAssured.BrowserWindowsTest" time="5.461" errors="0" timestamp="2024-08-02T17:04:41 IST" skipped="0">
  <testcase classname="AutomationRestAPI.RestAssured.BrowserWindowsTest" name="testNewTab" time="5.461"/>
</testsuite> <!-- AutomationRestAPI.RestAssured.BrowserWindowsTest -->
