<?xml version="1.0" encoding="UTF-8"?>
<!-- Generated by org.testng.reporters.JUnitReportReporter -->
<testsuite hostname="DESKTOP-4EL8SL4" failures="0" tests="2" name="AutomationRestAPI.RestAssured.Droppable" time="22.094" errors="0" timestamp="2024-08-02T12:15:00 IST" skipped="0">
  <testcase classname="AutomationRestAPI.RestAssured.Droppable" name="testDroppable" time="20.447"/>
  <testcase classname="AutomationRestAPI.RestAssured.Droppable" name="setUp" time="1.647"/>
</testsuite> <!-- AutomationRestAPI.RestAssured.Droppable -->
