<?xml version="1.0" encoding="UTF-8"?>
<!-- Generated by org.testng.reporters.JUnitReportReporter -->
<testsuite hostname="DESKTOP-4EL8SL4" failures="0" tests="7" name="AutomationRestAPI.RestAssured.AutomateRestAPIGet" time="8.382" errors="0" timestamp="2024-07-23T12:58:57 IST" skipped="0">
  <testcase classname="AutomationRestAPI.RestAssured.AutomateRestAPIGet" name="test_GETSingleResourceNotFound" time="0.061"/>
  <testcase classname="AutomationRestAPI.RestAssured.AutomateRestAPIGet" name="test_GETSingleUser" time="0.091"/>
  <testcase classname="AutomationRestAPI.RestAssured.AutomateRestAPIGet" name="test_GETListOfResources" time="0.156"/>
  <testcase classname="AutomationRestAPI.RestAssured.AutomateRestAPIGet" name="test_GETListUser" time="0.533"/>
  <testcase classname="AutomationRestAPI.RestAssured.AutomateRestAPIGet" name="test_GETDelayedResponse" time="6.996"/>
  <testcase classname="AutomationRestAPI.RestAssured.AutomateRestAPIGet" name="test_GETSingleUserNotFound" time="0.413"/>
  <testcase classname="AutomationRestAPI.RestAssured.AutomateRestAPIGet" name="test_GETSingleResource" time="0.132"/>
</testsuite> <!-- AutomationRestAPI.RestAssured.AutomateRestAPIGet -->
