<?xml version="1.0" encoding="UTF-8"?>
<!-- Generated by org.testng.reporters.JUnitReportReporter -->
<testsuite hostname="DESKTOP-4EL8SL4" failures="0" tests="1" name="AutomationRestAPI.RestAssured.PracticeForms" time="44.321" errors="0" timestamp="2024-08-02T15:34:52 IST" skipped="0">
  <testcase classname="AutomationRestAPI.RestAssured.PracticeForms" name="testPracticeFormAutomation" time="44.321"/>
</testsuite> <!-- AutomationRestAPI.RestAssured.PracticeForms -->
