<?xml version="1.0" encoding="UTF-8"?>
<!-- Generated by org.testng.reporters.JUnitReportReporter -->
<testsuite hostname="DESKTOP-4EL8SL4" failures="0" tests="1" name="AutomationRestAPI.RestAssured.AutomateRTCET" time="13.170" errors="0" timestamp="2024-08-16T19:55:38 IST" skipped="0">
  <testcase classname="AutomationRestAPI.RestAssured.AutomateRTCET" name="testAllLinks" time="13.170"/>
</testsuite> <!-- AutomationRestAPI.RestAssured.AutomateRTCET -->
