<?xml version="1.0" encoding="UTF-8"?>
<!-- Generated by org.testng.reporters.JUnitReportReporter -->
<testsuite hostname="DESKTOP-4EL8SL4" failures="0" tests="1" name="AutomationRestAPI.RestAssured.AutomateRTCET" time="15.199" errors="0" timestamp="2024-08-23T19:25:17 IST" skipped="0">
  <testcase classname="AutomationRestAPI.RestAssured.AutomateRTCET" name="testClickAllServicesLinks" time="15.199"/>
</testsuite> <!-- AutomationRestAPI.RestAssured.AutomateRTCET -->
