<?xml version="1.0" encoding="UTF-8"?>
<!-- Generated by org.testng.reporters.JUnitReportReporter -->
<testsuite hostname="DESKTOP-4EL8SL4" failures="0" tests="1" name="AutomationRestAPI.RestAssured.AlertTest" time="3.168" errors="0" timestamp="2024-08-06T13:52:03 IST" skipped="0">
  <testcase classname="AutomationRestAPI.RestAssured.AlertTest" name="automateAlert" time="3.168"/>
</testsuite> <!-- AutomationRestAPI.RestAssured.AlertTest -->
