<?xml version="1.0" encoding="UTF-8"?>
<!-- Generated by org.testng.reporters.JUnitReportReporter -->
<testsuite hostname="DESKTOP-4EL8SL4" failures="0" tests="1" name="AutomationRestAPI.RestAssured.AmazonIPhonePurchaseTest" time="30.637" errors="0" timestamp="2024-08-22T19:50:59 IST" skipped="0">
  <testcase classname="AutomationRestAPI.RestAssured.AmazonIPhonePurchaseTest" name="testIPhonePurchase" time="30.637"/>
</testsuite> <!-- AutomationRestAPI.RestAssured.AmazonIPhonePurchaseTest -->
