<?xml version="1.0" encoding="UTF-8"?>
<!-- Generated by org.testng.reporters.JUnitReportReporter -->
<testsuite hostname="DESKTOP-4EL8SL4" failures="0" tests="1" name="AutomationRestAPI.RestAssured.FrameTest" time="29.947" errors="0" timestamp="2024-08-02T12:16:12 IST" skipped="0">
  <testcase classname="AutomationRestAPI.RestAssured.FrameTest" name="handleFrame" time="29.947"/>
</testsuite> <!-- AutomationRestAPI.RestAssured.FrameTest -->
