<?xml version="1.0" encoding="UTF-8"?>
<!-- Generated by org.testng.reporters.JUnitReportReporter -->
<testsuite hostname="DESKTOP-4EL8SL4" failures="0" tests="1" name="AutomationRestAPI.RestAssured.TextBox" time="20.847" errors="0" timestamp="2024-08-02T11:46:53 IST" skipped="0">
  <testcase classname="AutomationRestAPI.RestAssured.TextBox" name="testTextBox" time="20.847"/>
</testsuite> <!-- AutomationRestAPI.RestAssured.TextBox -->
