<?xml version="1.0" encoding="UTF-8"?>
<!-- Generated by org.testng.reporters.JUnitReportReporter -->
<testsuite hostname="DESKTOP-4EL8SL4" failures="0" tests="1" name="AutomationRestAPI.RestAssured.AutomatePost" time="3.474" errors="0" timestamp="2024-07-29T16:59:50 IST" skipped="0">
  <testcase classname="AutomationRestAPI.RestAssured.AutomatePost" name="test_POSTRegSuccess" time="3.474"/>
</testsuite> <!-- AutomationRestAPI.RestAssured.AutomatePost -->
